0 info it worked if it ends with ok
1 verbose cli [ 'node', '/usr/local/bin/npm', 'start' ]
2 info using npm@2.11.0
3 info using node@v0.12.4
4 verbose run-script [ 'prestart', 'start', 'poststart' ]
5 info prestart hub-client@1.0.0
6 info start hub-client@1.0.0
7 verbose unsafe-perm in lifecycle true
8 info hub-client@1.0.0 Failed to exec start script
9 verbose stack Error: hub-client@1.0.0 start: `node server`
9 verbose stack Exit status 1
9 verbose stack     at EventEmitter.<anonymous> (/usr/local/lib/node_modules/npm/lib/utils/lifecycle.js:213:16)
9 verbose stack     at EventEmitter.emit (events.js:110:17)
9 verbose stack     at ChildProcess.<anonymous> (/usr/local/lib/node_modules/npm/lib/utils/spawn.js:24:14)
9 verbose stack     at ChildProcess.emit (events.js:110:17)
9 verbose stack     at maybeClose (child_process.js:1015:16)
9 verbose stack     at Process.ChildProcess._handle.onexit (child_process.js:1087:5)
10 verbose pkgid hub-client@1.0.0
11 verbose cwd /Users/nicolasiensen/Projects/hub-client
12 error Darwin 14.4.0
13 error argv "node" "/usr/local/bin/npm" "start"
14 error node v0.12.4
15 error npm  v2.11.0
16 error code ELIFECYCLE
17 error hub-client@1.0.0 start: `node server`
17 error Exit status 1
18 error Failed at the hub-client@1.0.0 start script 'node server'.
18 error This is most likely a problem with the hub-client package,
18 error not with npm itself.
18 error Tell the author that this fails on your system:
18 error     node server
18 error You can get their info via:
18 error     npm owner ls hub-client
18 error There is likely additional logging output above.
19 verbose exit [ 1, true ]
